2020-01-15 22:06:08 [scrapy.utils.log] INFO: Scrapy 1.8.0 started (bot: dn120)
2020-01-15 22:06:08 [scrapy.utils.log] INFO: Versions: lxml 4.4.2.0, libxml2 2.9.5, cssselect 1.1.0, parsel 1.5.2, w3lib 1.21.0, Twisted 19.10.0, Python 3.7.0 (v3.7.0:1bf9cc5093, Jun 27 2018, 04:59:51) [MSC v.1914 64 bit (AMD64)], pyOpenSSL 19.1.0 (OpenSSL 1.1.1d  10 Sep 2019), cryptography 2.8, Platform Windows-10-10.0.18362-SP0
2020-01-15 22:06:08 [scrapy.crawler] INFO: Overridden settings: {'BOT_NAME': 'dn120', 'COOKIES_ENABLED': False, 'LOG_FILE': 'log/scrapy_2020_1_15.log', 'LOG_LEVEL': 'INFO', 'NEWSPIDER_MODULE': 'dn120.spiders', 'SPIDER_MODULES': ['dn120.spiders'], 'USER_AGENT': 'Mozilla/5.0 (Windows NT 6.2) AppleWebKit/536.3 (KHTML, like Gecko) Chrome/19.0.1061.0 Safari/536.3'}
2020-01-15 22:06:08 [scrapy.extensions.telnet] INFO: Telnet Password: a25211d185466793
2020-01-15 22:06:08 [scrapy.middleware] INFO: Enabled extensions:
['scrapy.extensions.corestats.CoreStats',
 'scrapy.extensions.telnet.TelnetConsole',
 'scrapy.extensions.logstats.LogStats']
2020-01-15 22:06:09 [scrapy.middleware] INFO: Enabled downloader middlewares:
['scrapy.downloadermiddlewares.httpauth.HttpAuthMiddleware',
 'scrapy.downloadermiddlewares.downloadtimeout.DownloadTimeoutMiddleware',
 'scrapy.downloadermiddlewares.defaultheaders.DefaultHeadersMiddleware',
 'scrapy.downloadermiddlewares.useragent.UserAgentMiddleware',
 'scrapy.downloadermiddlewares.retry.RetryMiddleware',
 'scrapy.downloadermiddlewares.redirect.MetaRefreshMiddleware',
 'scrapy.downloadermiddlewares.httpcompression.HttpCompressionMiddleware',
 'scrapy.downloadermiddlewares.redirect.RedirectMiddleware',
 'scrapy.downloadermiddlewares.httpproxy.HttpProxyMiddleware',
 'scrapy.downloadermiddlewares.stats.DownloaderStats']
2020-01-15 22:06:09 [scrapy.middleware] INFO: Enabled spider middlewares:
['scrapy.spidermiddlewares.httperror.HttpErrorMiddleware',
 'scrapy.spidermiddlewares.offsite.OffsiteMiddleware',
 'scrapy.spidermiddlewares.referer.RefererMiddleware',
 'scrapy.spidermiddlewares.urllength.UrlLengthMiddleware',
 'scrapy.spidermiddlewares.depth.DepthMiddleware']
2020-01-15 22:06:09 [scrapy.middleware] INFO: Enabled item pipelines:
['dn120.pipelines.Dn120Pipeline']
2020-01-15 22:06:09 [scrapy.core.engine] INFO: Spider opened
2020-01-15 22:06:09 [scrapy.extensions.logstats] INFO: Crawled 0 pages (at 0 pages/min), scraped 0 items (at 0 items/min)
2020-01-15 22:06:09 [scrapy.extensions.telnet] INFO: Telnet console listening on 127.0.0.1:6023
2020-01-15 22:06:28 [scrapy.crawler] INFO: Received SIGINT, shutting down gracefully. Send again to force 
2020-01-15 22:06:41 [scrapy.core.engine] INFO: Closing spider (shutdown)
2020-01-15 22:06:41 [scrapy.statscollectors] INFO: Dumping Scrapy stats:
{'downloader/request_bytes': 2363,
 'downloader/request_count': 7,
 'downloader/request_method_count/GET': 7,
 'downloader/response_bytes': 33711,
 'downloader/response_count': 7,
 'downloader/response_status_count/200': 7,
 'elapsed_time_seconds': 32.30315,
 'finish_reason': 'shutdown',
 'finish_time': datetime.datetime(2020, 1, 15, 14, 6, 41, 965067),
 'log_count/INFO': 11,
 'request_depth_max': 2,
 'response_received_count': 7,
 'scheduler/dequeued': 7,
 'scheduler/dequeued/memory': 7,
 'scheduler/enqueued': 133,
 'scheduler/enqueued/memory': 133,
 'start_time': datetime.datetime(2020, 1, 15, 14, 6, 9, 661917)}
2020-01-15 22:06:41 [scrapy.core.engine] INFO: Spider closed (shutdown)
2020-01-15 22:13:31 [scrapy.utils.log] INFO: Scrapy 1.8.0 started (bot: dn120)
2020-01-15 22:13:31 [scrapy.utils.log] INFO: Versions: lxml 4.4.2.0, libxml2 2.9.5, cssselect 1.1.0, parsel 1.5.2, w3lib 1.21.0, Twisted 19.10.0, Python 3.7.0 (v3.7.0:1bf9cc5093, Jun 27 2018, 04:59:51) [MSC v.1914 64 bit (AMD64)], pyOpenSSL 19.1.0 (OpenSSL 1.1.1d  10 Sep 2019), cryptography 2.8, Platform Windows-10-10.0.18362-SP0
2020-01-15 22:13:31 [scrapy.crawler] INFO: Overridden settings: {'BOT_NAME': 'dn120', 'COOKIES_ENABLED': False, 'LOG_FILE': 'log/scrapy_2020_1_15.log', 'LOG_LEVEL': 'INFO', 'NEWSPIDER_MODULE': 'dn120.spiders', 'SPIDER_MODULES': ['dn120.spiders'], 'USER_AGENT': 'Mozilla/5.0 (Windows NT 6.2) AppleWebKit/536.3 (KHTML, like Gecko) Chrome/19.0.1061.1 Safari/536.3'}
2020-01-15 22:13:31 [scrapy.extensions.telnet] INFO: Telnet Password: c3a535a3c8f9d5f5
2020-01-15 22:13:31 [scrapy.middleware] INFO: Enabled extensions:
['scrapy.extensions.corestats.CoreStats',
 'scrapy.extensions.telnet.TelnetConsole',
 'scrapy.extensions.logstats.LogStats']
2020-01-15 22:13:31 [scrapy.middleware] INFO: Enabled downloader middlewares:
['scrapy.downloadermiddlewares.httpauth.HttpAuthMiddleware',
 'scrapy.downloadermiddlewares.downloadtimeout.DownloadTimeoutMiddleware',
 'scrapy.downloadermiddlewares.defaultheaders.DefaultHeadersMiddleware',
 'scrapy.downloadermiddlewares.useragent.UserAgentMiddleware',
 'scrapy.downloadermiddlewares.retry.RetryMiddleware',
 'scrapy.downloadermiddlewares.redirect.MetaRefreshMiddleware',
 'scrapy.downloadermiddlewares.httpcompression.HttpCompressionMiddleware',
 'scrapy.downloadermiddlewares.redirect.RedirectMiddleware',
 'scrapy.downloadermiddlewares.httpproxy.HttpProxyMiddleware',
 'scrapy.downloadermiddlewares.stats.DownloaderStats']
2020-01-15 22:13:31 [scrapy.middleware] INFO: Enabled spider middlewares:
['scrapy.spidermiddlewares.httperror.HttpErrorMiddleware',
 'scrapy.spidermiddlewares.offsite.OffsiteMiddleware',
 'scrapy.spidermiddlewares.referer.RefererMiddleware',
 'scrapy.spidermiddlewares.urllength.UrlLengthMiddleware',
 'scrapy.spidermiddlewares.depth.DepthMiddleware']
2020-01-15 22:13:31 [scrapy.middleware] INFO: Enabled item pipelines:
['dn120.pipelines.Dn120Pipeline']
2020-01-15 22:13:31 [scrapy.core.engine] INFO: Spider opened
2020-01-15 22:13:31 [scrapy.extensions.logstats] INFO: Crawled 0 pages (at 0 pages/min), scraped 0 items (at 0 items/min)
2020-01-15 22:13:31 [scrapy.extensions.telnet] INFO: Telnet console listening on 127.0.0.1:6023
2020-01-15 22:13:59 [scrapy.crawler] INFO: Received SIGINT, shutting down gracefully. Send again to force 
2020-01-15 22:14:03 [scrapy.core.engine] INFO: Closing spider (shutdown)
2020-01-15 22:14:04 [scrapy.statscollectors] INFO: Dumping Scrapy stats:
{'downloader/request_bytes': 2363,
 'downloader/request_count': 7,
 'downloader/request_method_count/GET': 7,
 'downloader/response_bytes': 33614,
 'downloader/response_count': 7,
 'downloader/response_status_count/200': 7,
 'elapsed_time_seconds': 32.14344,
 'finish_reason': 'shutdown',
 'finish_time': datetime.datetime(2020, 1, 15, 14, 14, 4, 88949),
 'log_count/INFO': 11,
 'request_depth_max': 2,
 'response_received_count': 7,
 'scheduler/dequeued': 7,
 'scheduler/dequeued/memory': 7,
 'scheduler/enqueued': 133,
 'scheduler/enqueued/memory': 133,
 'start_time': datetime.datetime(2020, 1, 15, 14, 13, 31, 945509)}
2020-01-15 22:14:04 [scrapy.core.engine] INFO: Spider closed (shutdown)
2020-01-15 22:20:04 [scrapy.utils.log] INFO: Scrapy 1.8.0 started (bot: dn120)
2020-01-15 22:20:04 [scrapy.utils.log] INFO: Versions: lxml 4.4.2.0, libxml2 2.9.5, cssselect 1.1.0, parsel 1.5.2, w3lib 1.21.0, Twisted 19.10.0, Python 3.7.0 (v3.7.0:1bf9cc5093, Jun 27 2018, 04:59:51) [MSC v.1914 64 bit (AMD64)], pyOpenSSL 19.1.0 (OpenSSL 1.1.1d  10 Sep 2019), cryptography 2.8, Platform Windows-10-10.0.18362-SP0
2020-01-15 22:20:04 [scrapy.crawler] INFO: Overridden settings: {'BOT_NAME': 'dn120', 'COOKIES_ENABLED': False, 'LOG_FILE': 'log/scrapy_2020_1_15.log', 'LOG_LEVEL': 'INFO', 'NEWSPIDER_MODULE': 'dn120.spiders', 'SPIDER_MODULES': ['dn120.spiders'], 'USER_AGENT': 'Mozilla/5.0 (Windows NT 6.1; WOW64) AppleWebKit/537.1 (KHTML, like Gecko) Chrome/22.0.1207.1 Safari/537.1'}
2020-01-15 22:20:04 [scrapy.extensions.telnet] INFO: Telnet Password: a704e08c9ca23e97
2020-01-15 22:20:04 [scrapy.middleware] INFO: Enabled extensions:
['scrapy.extensions.corestats.CoreStats',
 'scrapy.extensions.telnet.TelnetConsole',
 'scrapy.extensions.logstats.LogStats']
2020-01-15 22:20:05 [scrapy.middleware] INFO: Enabled downloader middlewares:
['scrapy.downloadermiddlewares.httpauth.HttpAuthMiddleware',
 'scrapy.downloadermiddlewares.downloadtimeout.DownloadTimeoutMiddleware',
 'scrapy.downloadermiddlewares.defaultheaders.DefaultHeadersMiddleware',
 'scrapy.downloadermiddlewares.useragent.UserAgentMiddleware',
 'scrapy.downloadermiddlewares.retry.RetryMiddleware',
 'scrapy.downloadermiddlewares.redirect.MetaRefreshMiddleware',
 'scrapy.downloadermiddlewares.httpcompression.HttpCompressionMiddleware',
 'scrapy.downloadermiddlewares.redirect.RedirectMiddleware',
 'scrapy.downloadermiddlewares.httpproxy.HttpProxyMiddleware',
 'scrapy.downloadermiddlewares.stats.DownloaderStats']
2020-01-15 22:20:05 [scrapy.middleware] INFO: Enabled spider middlewares:
['scrapy.spidermiddlewares.httperror.HttpErrorMiddleware',
 'scrapy.spidermiddlewares.offsite.OffsiteMiddleware',
 'scrapy.spidermiddlewares.referer.RefererMiddleware',
 'scrapy.spidermiddlewares.urllength.UrlLengthMiddleware',
 'scrapy.spidermiddlewares.depth.DepthMiddleware']
2020-01-15 22:20:05 [scrapy.middleware] INFO: Enabled item pipelines:
['dn120.pipelines.Dn120Pipeline']
2020-01-15 22:20:05 [scrapy.core.engine] INFO: Spider opened
2020-01-15 22:20:05 [scrapy.extensions.logstats] INFO: Crawled 0 pages (at 0 pages/min), scraped 0 items (at 0 items/min)
2020-01-15 22:20:05 [scrapy.extensions.telnet] INFO: Telnet console listening on 127.0.0.1:6023
2020-01-15 22:20:14 [scrapy.crawler] INFO: Received SIGINT, shutting down gracefully. Send again to force 
2020-01-15 22:20:37 [scrapy.core.engine] INFO: Closing spider (shutdown)
2020-01-15 22:20:37 [scrapy.statscollectors] INFO: Dumping Scrapy stats:
{'downloader/request_bytes': 2412,
 'downloader/request_count': 7,
 'downloader/request_method_count/GET': 7,
 'downloader/response_bytes': 33635,
 'downloader/response_count': 7,
 'downloader/response_status_count/200': 7,
 'elapsed_time_seconds': 32.171639,
 'finish_reason': 'shutdown',
 'finish_time': datetime.datetime(2020, 1, 15, 14, 20, 37, 572394),
 'log_count/INFO': 11,
 'request_depth_max': 2,
 'response_received_count': 7,
 'scheduler/dequeued': 7,
 'scheduler/dequeued/memory': 7,
 'scheduler/enqueued': 133,
 'scheduler/enqueued/memory': 133,
 'start_time': datetime.datetime(2020, 1, 15, 14, 20, 5, 400755)}
2020-01-15 22:20:37 [scrapy.core.engine] INFO: Spider closed (shutdown)
