2020-01-16 01:46:56 [scrapy.utils.log] INFO: Scrapy 1.8.0 started (bot: dn120)
2020-01-16 01:46:56 [scrapy.utils.log] INFO: Versions: lxml 4.4.2.0, libxml2 2.9.5, cssselect 1.1.0, parsel 1.5.2, w3lib 1.21.0, Twisted 19.10.0, Python 3.7.0 (v3.7.0:1bf9cc5093, Jun 27 2018, 04:59:51) [MSC v.1914 64 bit (AMD64)], pyOpenSSL 19.1.0 (OpenSSL 1.1.1d  10 Sep 2019), cryptography 2.8, Platform Windows-10-10.0.18362-SP0
2020-01-16 01:46:56 [scrapy.crawler] INFO: Overridden settings: {'BOT_NAME': 'dn120', 'COOKIES_ENABLED': False, 'LOG_FILE': 'log/scrapy_2020_1_16.log', 'LOG_LEVEL': 'INFO', 'NEWSPIDER_MODULE': 'dn120.spiders', 'SPIDER_MODULES': ['dn120.spiders'], 'USER_AGENT': 'Mozilla/5.0 (Windows NT 6.1; WOW64) AppleWebKit/536.3 (KHTML, like Gecko) Chrome/19.0.1062.0 Safari/536.3'}
2020-01-16 01:46:57 [scrapy.extensions.telnet] INFO: Telnet Password: 9bac2282fe60f399
2020-01-16 01:46:57 [scrapy.middleware] INFO: Enabled extensions:
['scrapy.extensions.corestats.CoreStats',
 'scrapy.extensions.telnet.TelnetConsole',
 'scrapy.extensions.logstats.LogStats']
2020-01-16 01:46:57 [scrapy.middleware] INFO: Enabled downloader middlewares:
['scrapy.downloadermiddlewares.httpauth.HttpAuthMiddleware',
 'scrapy.downloadermiddlewares.downloadtimeout.DownloadTimeoutMiddleware',
 'scrapy.downloadermiddlewares.defaultheaders.DefaultHeadersMiddleware',
 'scrapy.downloadermiddlewares.useragent.UserAgentMiddleware',
 'scrapy.downloadermiddlewares.retry.RetryMiddleware',
 'scrapy.downloadermiddlewares.redirect.MetaRefreshMiddleware',
 'scrapy.downloadermiddlewares.httpcompression.HttpCompressionMiddleware',
 'scrapy.downloadermiddlewares.redirect.RedirectMiddleware',
 'scrapy.downloadermiddlewares.httpproxy.HttpProxyMiddleware',
 'scrapy.downloadermiddlewares.stats.DownloaderStats']
2020-01-16 01:46:57 [scrapy.middleware] INFO: Enabled spider middlewares:
['scrapy.spidermiddlewares.httperror.HttpErrorMiddleware',
 'scrapy.spidermiddlewares.offsite.OffsiteMiddleware',
 'dn120.middlewares.Dn120SpiderMiddleware',
 'dn120.middlewares.DeduplicateMiddleware',
 'scrapy.spidermiddlewares.referer.RefererMiddleware',
 'scrapy.spidermiddlewares.urllength.UrlLengthMiddleware',
 'scrapy.spidermiddlewares.depth.DepthMiddleware']
2020-01-16 01:46:57 [scrapy.middleware] INFO: Enabled item pipelines:
['dn120.pipelines.Dn120Pipeline']
2020-01-16 01:46:57 [scrapy.core.engine] INFO: Spider opened
2020-01-16 01:46:57 [scrapy.extensions.logstats] INFO: Crawled 0 pages (at 0 pages/min), scraped 0 items (at 0 items/min)
2020-01-16 01:46:57 [xitongcheng] INFO: Spider opened: xitongcheng
2020-01-16 01:46:57 [scrapy.extensions.telnet] INFO: Telnet console listening on 127.0.0.1:6067
2020-01-16 01:48:41 [scrapy.extensions.logstats] INFO: Crawled 7 pages (at 7 pages/min), scraped 0 items (at 0 items/min)
2020-01-16 01:49:18 [scrapy.extensions.logstats] INFO: Crawled 15 pages (at 8 pages/min), scraped 1 items (at 1 items/min)
2020-01-16 01:49:59 [scrapy.extensions.logstats] INFO: Crawled 30 pages (at 15 pages/min), scraped 15 items (at 14 items/min)
2020-01-16 01:51:02 [scrapy.extensions.logstats] INFO: Crawled 39 pages (at 9 pages/min), scraped 21 items (at 6 items/min)
2020-01-16 01:52:10 [scrapy.extensions.logstats] INFO: Crawled 55 pages (at 16 pages/min), scraped 35 items (at 14 items/min)
2020-01-16 01:52:55 [scrapy.crawler] INFO: Received SIGINT, shutting down gracefully. Send again to force 
2020-01-16 01:52:55 [scrapy.core.engine] INFO: Closing spider (shutdown)
2020-01-16 01:52:56 [scrapy.statscollectors] INFO: Dumping Scrapy stats:
{'downloader/request_bytes': 30434,
 'downloader/request_count': 79,
 'downloader/request_method_count/GET': 79,
 'downloader/response_bytes': 541740,
 'downloader/response_count': 79,
 'downloader/response_status_count/200': 79,
 'elapsed_time_seconds': 358.668167,
 'finish_reason': 'shutdown',
 'finish_time': datetime.datetime(2020, 1, 15, 17, 52, 56, 259823),
 'item_scraped_count': 62,
 'log_count/INFO': 17,
 'request_depth_max': 6,
 'response_received_count': 79,
 'scheduler/dequeued': 79,
 'scheduler/dequeued/memory': 79,
 'scheduler/enqueued': 307,
 'scheduler/enqueued/memory': 307,
 'start_time': datetime.datetime(2020, 1, 15, 17, 46, 57, 591656)}
2020-01-16 01:52:56 [scrapy.core.engine] INFO: Spider closed (shutdown)
